This is pTeXk, Version 3.141592-p3.1.11 (euc) (Web2C 7.5.4) (format=platex 2016.3.8)  23 MAY 2016 22:53
 %&-line parsing enabled.
**srinko2015jp-euc
(./srinko2015jp-euc.tex
pLaTeX2e <2006/11/10>+0 (based on LaTeX2e <2009/09/24> patch level 0)
(/usr/share/texmf/ptex/platex/base/jarticle.cls
Document Class: jarticle 2006/06/27 v1.6 Standard pLaTeX class
\c@@paper=\count81
(/usr/share/texmf/ptex/platex/base/jsize10.clo
File: jsize10.clo 2006/06/27 v1.6 Standard pLaTeX file (size option)
)
\c@part=\count82
\c@section=\count83
\c@subsection=\count84
\c@subsubsection=\count85
\c@paragraph=\count86
\c@subparagraph=\count87
\c@figure=\count88
\c@table=\count89
\abovecaptionskip=\skip41
\belowcaptionskip=\skip42
\symmincho=\mathgroup4
LaTeX Font Info:    Overwriting symbol font `mincho' in version `bold'
(Font)                  JY1/mc/m/n --> JY1/gt/m/n on input line 601.
\toclineskip=\dimen118
\@lnumwidth=\dimen119
\bibindent=\dimen120
\heisei=\count90
)
(/usr/share/texmf-texlive/tex/latex/graphics/graphicx.sty
Package: graphicx 1999/02/16 v1.0f Enhanced LaTeX Graphics (DPC,SPQR)

(/usr/share/texmf-texlive/tex/latex/graphics/keyval.sty
Package: keyval 1999/03/16 v1.13 key=value parser (DPC)
\KV@toks@=\toks15
)
(/usr/share/texmf-texlive/tex/latex/graphics/graphics.sty
Package: graphics 2009/02/05 v1.0o Standard LaTeX Graphics (DPC,SPQR)

(/usr/share/texmf-texlive/tex/latex/graphics/trig.sty
Package: trig 1999/03/16 v1.09 sin cos tan (DPC)
)
(/etc/texmf/tex/latex/config/graphics.cfg
File: graphics.cfg 2009/08/28 v1.8 graphics configuration of TeX Live
)
Package graphics Info: Driver file: dvips.def on input line 91.

(/usr/share/texmf-texlive/tex/latex/graphics/dvips.def
File: dvips.def 1999/02/16 v3.0i Driver-dependant file (DPC,SPQR)
))
\Gin@req@height=\dimen121
\Gin@req@width=\dimen122
)
(/usr/share/texmf-texlive/tex/latex/base/latexsym.sty
Package: latexsym 1998/08/17 v2.2e Standard LaTeX package (lasy symbols)
\symlasy=\mathgroup5
LaTeX Font Info:    Overwriting symbol font `lasy' in version `bold'
(Font)                  U/lasy/m/n --> U/lasy/b/n on input line 47.
)
(/usr/share/texmf-texlive/tex/latex/amsmath/amsmath.sty
Package: amsmath 2000/07/18 v2.13 AMS math features
\@mathmargin=\skip43

For additional information on amsmath, use the `?' option.
(/usr/share/texmf-texlive/tex/latex/amsmath/amstext.sty
Package: amstext 2000/06/29 v2.01

(/usr/share/texmf-texlive/tex/latex/amsmath/amsgen.sty
File: amsgen.sty 1999/11/30 v2.0
\@emptytoks=\toks16
\ex@=\dimen123
))
(/usr/share/texmf-texlive/tex/latex/amsmath/amsbsy.sty
Package: amsbsy 1999/11/29 v1.2d
\pmbraise@=\dimen124
)
(/usr/share/texmf-texlive/tex/latex/amsmath/amsopn.sty
Package: amsopn 1999/12/14 v2.01 operator names
)
\inf@bad=\count91
LaTeX Info: Redefining \frac on input line 211.
\uproot@=\count92
\leftroot@=\count93
LaTeX Info: Redefining \overline on input line 307.
\classnum@=\count94
\DOTSCASE@=\count95
LaTeX Info: Redefining \ldots on input line 379.
LaTeX Info: Redefining \dots on input line 382.
LaTeX Info: Redefining \cdots on input line 467.
\Mathstrutbox@=\box41
\strutbox@=\box42
\big@size=\dimen125
LaTeX Font Info:    Redeclaring font encoding OML on input line 567.
LaTeX Font Info:    Redeclaring font encoding OMS on input line 568.
\macc@depth=\count96
\c@MaxMatrixCols=\count97
\dotsspace@=\muskip10
\c@parentequation=\count98
\dspbrk@lvl=\count99
\tag@help=\toks17
\row@=\count100
\column@=\count101
\maxfields@=\count102
\andhelp@=\toks18
\eqnshift@=\dimen126
\alignsep@=\dimen127
\tagshift@=\dimen128
\tagwidth@=\dimen129
\totwidth@=\dimen130
\lineht@=\dimen131
\@envbody=\toks19
\multlinegap=\skip44
\multlinetaggap=\skip45
\mathdisplay@stack=\toks20
LaTeX Info: Redefining \[ on input line 2666.
LaTeX Info: Redefining \] on input line 2667.
)
(/usr/share/texmf-texlive/tex/latex/amsfonts/amssymb.sty
Package: amssymb 2009/06/22 v3.00

(/usr/share/texmf-texlive/tex/latex/amsfonts/amsfonts.sty
Package: amsfonts 2009/06/22 v3.00 Basic AMSFonts support
\symAMSa=\mathgroup6
\symAMSb=\mathgroup7
LaTeX Font Info:    Overwriting math alphabet `\mathfrak' in version `bold'
(Font)                  U/euf/m/n --> U/euf/b/n on input line 96.
))
(/usr/share/texmf-texlive/tex/latex/amscls/amsthm.sty
Package: amsthm 2004/08/06 v2.20
\thm@style=\toks21
\thm@bodyfont=\toks22
\thm@headfont=\toks23
\thm@notefont=\toks24
\thm@headpunct=\toks25
\thm@preskip=\skip46
\thm@postskip=\skip47
\thm@headsep=\skip48
\dth@everypar=\toks26
)
(/usr/share/texmf-texlive/tex/latex/ltxmisc/url.sty
\Urlmuskip=\muskip11
Package: url 2006/04/12  ver 3.3  Verb mode for urls, etc.
)
\c@thm=\count103

No file srinko2015jp-euc.aux.
\openout1 = `srinko2015jp-euc.aux'.

LaTeX Font Info:    Checking defaults for OML/cmm/m/it on input line 26.
LaTeX Font Info:    ... okay on input line 26.
LaTeX Font Info:    Checking defaults for T1/cmr/m/n on input line 26.
LaTeX Font Info:    ... okay on input line 26.
LaTeX Font Info:    Checking defaults for OT1/cmr/m/n on input line 26.
LaTeX Font Info:    ... okay on input line 26.
LaTeX Font Info:    Checking defaults for OMS/cmsy/m/n on input line 26.
LaTeX Font Info:    ... okay on input line 26.
LaTeX Font Info:    Checking defaults for OMX/cmex/m/n on input line 26.
LaTeX Font Info:    ... okay on input line 26.
LaTeX Font Info:    Checking defaults for U/cmr/m/n on input line 26.
LaTeX Font Info:    ... okay on input line 26.
LaTeX Font Info:    Checking defaults for JY1/mc/m/n on input line 26.
LaTeX Font Info:    ... okay on input line 26.
LaTeX Font Info:    Checking defaults for JT1/mc/m/n on input line 26.
LaTeX Font Info:    ... okay on input line 26.
LaTeX Font Info:    Try loading font information for U+lasy on input line 27.
(/usr/share/texmf-texlive/tex/latex/base/ulasy.fd
File: ulasy.fd 1998/08/17 v2.2e LaTeX symbol font definitions
)
LaTeX Font Info:    Try loading font information for U+msa on input line 27.

(/usr/share/texmf-texlive/tex/latex/amsfonts/umsa.fd
File: umsa.fd 2009/06/22 v3.00 AMS symbols A
)
LaTeX Font Info:    Try loading font information for U+msb on input line 27.

(/usr/share/texmf-texlive/tex/latex/amsfonts/umsb.fd
File: umsb.fd 2009/06/22 v3.00 AMS symbols B
)
LaTeX Font Info:    Font shape `JT1/mc/bx/n' in size <9> not available
(Font)              Font shape `JT1/gt/m/n' tried instead on input line 28.
LaTeX Font Info:    Font shape `JY1/mc/bx/n' in size <9> not available
(Font)              Font shape `JY1/gt/m/n' tried instead on input line 28.
LaTeX Font Info:    Font shape `JT1/mc/bx/n' in size <14.4> not available
(Font)              Font shape `JT1/gt/m/n' tried instead on input line 40.
LaTeX Font Info:    Font shape `JY1/mc/bx/n' in size <14.4> not available
(Font)              Font shape `JY1/gt/m/n' tried instead on input line 40.
LaTeX Font Info:    Font shape `JT1/mc/bx/n' in size <10> not available
(Font)              Font shape `JT1/gt/m/n' tried instead on input line 48.
LaTeX Font Info:    Font shape `JY1/mc/bx/n' in size <10> not available
(Font)              Font shape `JY1/gt/m/n' tried instead on input line 48.


LaTeX Warning: Citation `Dwork2006b' on page 1 undefined on input line 48.


LaTeX Warning: Citation `Chaudhuri2011' on page 1 undefined on input line 57.


LaTeX Warning: Citation `Kifer2012' on page 1 undefined on input line 57.


LaTeX Warning: Citation `Bassily2014' on page 1 undefined on input line 57.


LaTeX Warning: Citation `Talwar2014' on page 1 undefined on input line 57.

[1

]

LaTeX Warning: Citation `McSherry2007' on page 2 undefined on input line 60.


LaTeX Warning: Citation `Wang2015b' on page 2 undefined on input line 61.


LaTeX Warning: Citation `Wang2015b' on page 2 undefined on input line 70.


LaTeX Warning: Citation `Catoni2004' on page 2 undefined on input line 75.


LaTeX Warning: Citation `Catoni2007' on page 2 undefined on input line 75.


LaTeX Warning: Reference `eq:pseudo_posterior' on page 2 undefined on input lin
e 89.

LaTeX Font Info:    Try loading font information for OMS+cmr on input line 93.
(/usr/share/texmf-texlive/tex/latex/base/omscmr.fd
File: omscmr.fd 1999/05/25 v2.5h Standard LaTeX font definitions
)
LaTeX Font Info:    Font shape `OMS/cmr/m/n' in size <10> not available
(Font)              Font shape `OMS/cmsy/m/n' tried instead on input line 93.


LaTeX Font Warning: Font shape `JT1/gt/m/it' undefined
(Font)              using `JT1/gt/m/n' instead on input line 93.


LaTeX Font Warning: Font shape `JY1/gt/m/it' undefined
(Font)              using `JY1/gt/m/n' instead on input line 93.


LaTeX Warning: Citation `Wang2015b' on page 2 undefined on input line 94.


LaTeX Warning: Reference `thm:1' on page 2 undefined on input line 94.

[2]

LaTeX Warning: Reference `thm:1' on page 3 undefined on input line 99.


LaTeX Warning: Reference `thm:2' on page 3 undefined on input line 99.


LaTeX Warning: Reference `thm:2' on page 3 undefined on input line 101.


LaTeX Warning: Citation `Wang2015b' on page 3 undefined on input line 105.


LaTeX Warning: Reference `eq:pseudo_posterior' on page 3 undefined on input lin
e 109.

LaTeX Font Info:    Font shape `JT1/mc/bx/n' in size <12> not available
(Font)              Font shape `JT1/gt/m/n' tried instead on input line 118.
LaTeX Font Info:    Font shape `JY1/mc/bx/n' in size <12> not available
(Font)              Font shape `JY1/gt/m/n' tried instead on input line 118.
[3]

LaTeX Warning: Citation `Dwork2006b' on page 4 undefined on input line 139.


LaTeX Warning: Reference `eq:dp_def' on page 4 undefined on input line 152.


LaTeX Warning: Citation `Dimitrakakis2014' on page 4 undefined on input line 17
1.


LaTeX Warning: Citation `McSherry2007' on page 4 undefined on input line 181.

[4]

LaTeX Warning: Reference `eq:h_lips' on page 5 undefined on input line 193.


LaTeX Warning: Citation `McSherry2007' on page 5 undefined on input line 214.


LaTeX Warning: Citation `Wang2015b' on page 5 undefined on input line 237.

[5]

LaTeX Warning: Citation `Wang2015b' on page 6 undefined on input line 238.


LaTeX Warning: Reference `thm:wang' on page 6 undefined on input line 252.


LaTeX Warning: Citation `vdV1998' on page 6 undefined on input line 259.


LaTeX Warning: Citation `Hall2013' on page 6 undefined on input line 273.

[6]

LaTeX Warning: Reference `eq:suff_cond' on page 7 undefined on input line 287.


LaTeX Warning: Reference `eq:suff_cond' on page 7 undefined on input line 288.


LaTeX Warning: Reference `eq:suff_cond' on page 7 undefined on input line 302.


LaTeX Warning: Reference `eq:tail_1' on page 7 undefined on input line 317.


LaTeX Warning: Reference `asm:1' on page 7 undefined on input line 328.


LaTeX Warning: Reference `asm:2' on page 7 undefined on input line 329.


LaTeX Warning: Reference `asm:3' on page 7 undefined on input line 329.

[7]
Overfull \hbox (15.87575pt too wide) in paragraph at lines 359--364
\JY1/mc/m/n/10 た確率測度を $[]$ とおく． このとき ， ある有界な非負関数 $\OML/
cmm/m/it/10 ^^T\OT1/cmr/m/n/10 (\OML/cmm/m/it/10 n; m[]; m[]; R[]\OT1/cmr/m/n/1
0 )$
 []


LaTeX Warning: Reference `asm:1' on page 8 undefined on input line 374.


LaTeX Warning: Reference `asm:2' on page 8 undefined on input line 378.


LaTeX Warning: Reference `asm:3' on page 8 undefined on input line 379.


LaTeX Warning: Reference `asm:3' on page 8 undefined on input line 380.


LaTeX Warning: Reference `thm:1' on page 8 undefined on input line 386.


LaTeX Warning: Reference `thm:1' on page 8 undefined on input line 387.


LaTeX Warning: Reference `cor:1' on page 8 undefined on input line 387.

[8]

LaTeX Warning: Reference `asm:1' on page 9 undefined on input line 392.


LaTeX Warning: Reference `asm:2' on page 9 undefined on input line 392.


LaTeX Warning: Reference `asm:1' on page 9 undefined on input line 437.


LaTeX Warning: Reference `asm:3' on page 9 undefined on input line 437.


Overfull \hbox (65.2646pt too wide) in paragraph at lines 458--458
[] 
 []

[9]

LaTeX Warning: Reference `thm:1' on page 10 undefined on input line 488.


LaTeX Warning: Reference `thm:2' on page 10 undefined on input line 488.


LaTeX Warning: Reference `asm:1' on page 10 undefined on input line 493.


LaTeX Warning: Reference `asm:2' on page 10 undefined on input line 493.


LaTeX Warning: Reference `asm:1' on page 10 undefined on input line 516.


LaTeX Warning: Reference `asm:3' on page 10 undefined on input line 516.


LaTeX Warning: Reference `thm:2' on page 10 undefined on input line 517.


LaTeX Warning: Reference `cor:1' on page 10 undefined on input line 524.


LaTeX Warning: Reference `thm:wang' on page 10 undefined on input line 525.


LaTeX Warning: Reference `thm:wang' on page 10 undefined on input line 526.


LaTeX Warning: Reference `thm:wang' on page 10 undefined on input line 533.


LaTeX Warning: Reference `cor:2' on page 10 undefined on input line 535.


LaTeX Warning: Reference `asm:3' on page 10 undefined on input line 538.


LaTeX Warning: Reference `thm:2' on page 10 undefined on input line 539.


LaTeX Warning: Reference `eq:thm2_3' on page 10 undefined on input line 539.


LaTeX Warning: Citation `Li2012' on page 10 undefined on input line 542.

[10]

LaTeX Warning: Reference `eq:logistic_loss' on page 11 undefined on input line 
576.


LaTeX Warning: Reference `cor:1' on page 11 undefined on input line 589.


Overfull \hbox (16.76634pt too wide) in paragraph at lines 587--590
[]\JY1/mc/m/n/10 微分の計算により， $\OML/cmm/m/it/10 `[]$ \JY1/mc/m/n/10 は $\
OML/cmm/m/it/10 R$\OT1/cmr/m/n/10 -Lipschitz \JY1/mc/m/n/10 であることがわかる 
． また ， $\OMS/cmsy/m/n/10 ^^@ [] \OML/cmm/m/it/10 ^^^[]\OT1/cmr/m/n/10 (\OML
/cmm/m/it/10 ^^R \OMS/cmsy/m/n/10 j
 []


LaTeX Warning: Reference `eq:logistic_gibbs' on page 11 undefined on input line
 594.


LaTeX Warning: Reference `eq:logistic_bound' on page 11 undefined on input line
 595.


LaTeX Warning: Reference `thm:wang' on page 11 undefined on input line 598.

[11]

LaTeX Warning: Reference `thm:2' on page 12 undefined on input line 602.


LaTeX Warning: Reference `thm:2' on page 12 undefined on input line 604.


Overfull \hbox (9.21173pt too wide) in paragraph at lines 618--621
[]\JY1/mc/m/n/10 通常の $\U/msb/m/n/10 R$ \JY1/mc/m/n/10 全体での推定を考えたと
き ， \OT1/cmr/m/n/10 Gibbs \JY1/mc/m/n/10 事後分布は正規分布 $\OML/cmm/m/it/10
 N\OT1/cmr/m/n/10 (\OML/cmm/m/it/10 ^^R[]; ^^[[]\OT1/cmr/m/n/10 )$
 []


LaTeX Warning: Reference `thm:2' on page 12 undefined on input line 632.


LaTeX Warning: Reference `thm:2' on page 12 undefined on input line 637.


LaTeX Warning: Reference `eq:thm2_3' on page 12 undefined on input line 637.


LaTeX Warning: Reference `cor:2' on page 12 undefined on input line 638.


LaTeX Warning: Reference `eq:thm2_2' on page 12 undefined on input line 639.


Overfull \hbox (3.74763pt too wide) in paragraph at lines 634--640
[]$\OMS/cmsy/m/n/10 ^^@\OML/cmm/m/it/10 @[] [] ^^^\OT1/cmr/m/n/10 (\OML/cmm/m/i
t/10 x \OMS/cmsy/m/n/10 j \OML/cmm/m/it/10 ^^R; ^^[[]\OT1/cmr/m/n/10 ) = (\OML/
cmm/m/it/10 ^^R \OMS/cmsy/m/n/10 ^^@ \OML/cmm/m/it/10 x\OT1/cmr/m/n/10 )\OML/cm
m/m/it/10 =^^[[]$ \JY1/mc/m/n/10 に注意すると ， $\OML/cmm/m/it/10 L \OT1/cmr/m
/n/10 = [][] [][] \OMS/cmsy/m/n/10 j ^^@ \OML/cmm/m/it/10 @[] [] ^^^\OT1/cmr/m/
n/10 (\OML/cmm/m/it/10 x \OMS/cmsy/m/n/10 j
 []


LaTeX Warning: Reference `eq:normal_ub' on page 12 undefined on input line 654.


[12]

LaTeX Warning: Citation `Wang2015b' on page 13 undefined on input line 671.


LaTeX Warning: Citation `Dwork2014' on page 13 undefined on input line 671.


LaTeX Warning: Citation `Rosenthal1995' on page 13 undefined on input line 687.



LaTeX Warning: Citation `Welling2011' on page 13 undefined on input line 689.


LaTeX Warning: Citation `Sato2014' on page 13 undefined on input line 689.


LaTeX Warning: Citation `BoHa2013' on page 13 undefined on input line 691.


LaTeX Warning: Reference `eq:thm1_3' on page 13 undefined on input line 696.


LaTeX Warning: Reference `eq:thm2_3' on page 13 undefined on input line 696.


LaTeX Warning: Reference `thm:1' on page 13 undefined on input line 698.


LaTeX Warning: Reference `thm:2' on page 13 undefined on input line 698.

[13]

LaTeX Warning: Reference `thm:1' on page 14 undefined on input line 723.


LaTeX Warning: Reference `thm:2' on page 14 undefined on input line 723.


LaTeX Warning: Citation `Boucheron2013' on page 14 undefined on input line 751.



LaTeX Warning: Citation `Ledoux1999' on page 14 undefined on input line 751.


LaTeX Warning: Reference `eq:log_sobolev' on page 14 undefined on input line 76
2.


LaTeX Warning: Citation `Ledoux1999' on page 14 undefined on input line 763.


LaTeX Warning: Reference `eq:gibbs' on page 14 undefined on input line 764.

[14]

LaTeX Warning: Citation `Milman2012' on page 15 undefined on input line 771.


LaTeX Warning: Reference `eq:gibbs' on page 15 undefined on input line 773.


LaTeX Warning: Reference `thm:stability' on page 15 undefined on input line 784
.


LaTeX Warning: Citation `Milman2012' on page 15 undefined on input line 785.


LaTeX Warning: Reference `eq:log_sobolev' on page 15 undefined on input line 78
7.


LaTeX Warning: Citation `Aida1994' on page 15 undefined on input line 795.


LaTeX Warning: Reference `thm:1' on page 15 undefined on input line 797.


LaTeX Warning: Reference `eq:gibbs' on page 15 undefined on input line 800.


LaTeX Warning: Reference `asm:2' on page 15 undefined on input line 803.


LaTeX Warning: Reference `eq:log_sobolev' on page 15 undefined on input line 80
3.


LaTeX Warning: Reference `asm:2' on page 15 undefined on input line 809.


LaTeX Warning: Reference `eq:lips_concentration' on page 15 undefined on input 
line 815.


LaTeX Warning: Reference `eq:thm1_1' on page 15 undefined on input line 816.


LaTeX Warning: Reference `eq:thm1_2' on page 15 undefined on input line 818.


LaTeX Warning: Reference `eq:log_sobolev' on page 15 undefined on input line 81
9.

[15]

LaTeX Warning: Reference `eq:ent_ub' on page 16 undefined on input line 827.


LaTeX Warning: Reference `eq:thm1_2' on page 16 undefined on input line 827.


LaTeX Warning: Reference `thm:2' on page 16 undefined on input line 829.


LaTeX Warning: Reference `asm:3' on page 16 undefined on input line 831.


LaTeX Warning: Reference `thm:stability' on page 16 undefined on input line 834
.


LaTeX Warning: Reference `asm:3' on page 16 undefined on input line 840.


LaTeX Warning: Reference `eq:poin' on page 16 undefined on input line 841.


LaTeX Warning: Reference `thm:1' on page 16 undefined on input line 850.


LaTeX Warning: Reference `eq:thm2_1' on page 16 undefined on input line 850.


LaTeX Warning: Reference `thm:3' on page 16 undefined on input line 852.

[16] (./srinko2015jp-euc.aux)

LaTeX Font Warning: Some font shapes were not available, defaults substituted.


LaTeX Warning: There were undefined references.


LaTeX Warning: Label(s) may have changed. Rerun to get cross-references right.

 ) 
Here is how much of TeX's memory you used:
 1783 strings out of 257674
 20307 string characters out of 1191154
 73956 words of memory out of 3000000
 4925 multiletter control sequences out of 10000+50000
 21556 words of font info for 91 fonts, out of 2000000 for 2000
 14 hyphenation exceptions out of 8191
 27i,10n,24p,270b,475s stack positions out of 5000i,500n,6000p,200000b,40000s

Output written on srinko2015jp-euc.dvi (16 pages, 75852 bytes).
